<?xml version="1.0" encoding="UTF-8"?>
<!-- Generated by org.testng.reporters.JUnitXMLReporter -->
<testsuite ignored="1" hostname="DESKTOP-0UQGQ37" failures="0" tests="1" name="Default test" time="9.163" errors="0" timestamp="2024-08-19T22:10:44 IST">
  <testcase classname="com.qa.api.tests.GET.GETAPICall" name="getUserApiTest" time="0.497"/>
  <testcase classname="com.qa.api.tests.GET.GETAPICall" name="getUsersApiTest" time="0.0">
    <ignored/>
  </testcase> <!-- getUsersApiTest -->
</testsuite> <!-- Default test -->
