<?xml version="1.0" encoding="UTF-8"?>
<testng-results ignored="0" total="4" passed="4" failed="0" skipped="0">
  <reporter-output>
  </reporter-output>
  <suite started-at="2024-08-30T09:45:35 IST" name="Suite" finished-at="2024-08-30T09:46:02 IST" duration-ms="26782">
    <groups>
    </groups>
    <test started-at="2024-08-30T09:45:35 IST" name="Test" finished-at="2024-08-30T09:46:02 IST" duration-ms="26782">
      <class name="com.qa.api.tests.GET.APIResponseHeadersTest">
        <test-method is-config="true" signature="setup()[pri:0, instance:com.qa.api.tests.GET.APIResponseHeadersTest@59505b48]" started-at="2024-08-30T09:45:57 IST" name="setup" finished-at="2024-08-30T09:45:58 IST" duration-ms="970" status="PASS">
          <reporter-output>
          </reporter-output>
        </test-method> <!-- setup -->
        <test-method signature="getHeadersTest()[pri:2, instance:com.qa.api.tests.GET.APIResponseHeadersTest@59505b48]" started-at="2024-08-30T09:46:00 IST" name="getHeadersTest" description="Verifying the headers of the response JSON test" finished-at="2024-08-30T09:46:01 IST" duration-ms="260" status="PASS">
          <reporter-output>
          </reporter-output>
        </test-method> <!-- getHeadersTest -->
        <test-method is-config="true" signature="tearDown()[pri:0, instance:com.qa.api.tests.GET.APIResponseHeadersTest@59505b48]" started-at="2024-08-30T09:46:01 IST" name="tearDown" finished-at="2024-08-30T09:46:02 IST" duration-ms="23" status="PASS">
          <reporter-output>
          </reporter-output>
        </test-method> <!-- tearDown -->
      </class> <!-- com.qa.api.tests.GET.APIResponseHeadersTest -->
      <class name="com.qa.api.tests.GET.GETAPICall">
        <test-method is-config="true" signature="setup()[pri:0, instance:com.qa.api.tests.GET.GETAPICall@2d710f1a]" started-at="2024-08-30T09:45:58 IST" name="setup" finished-at="2024-08-30T09:45:59 IST" duration-ms="977" status="PASS">
          <reporter-output>
          </reporter-output>
        </test-method> <!-- setup -->
        <test-method signature="getUserAndValidateHeaderApiTest()[pri:1, instance:com.qa.api.tests.GET.GETAPICall@2d710f1a]" started-at="2024-08-30T09:45:59 IST" name="getUserAndValidateHeaderApiTest" description="Verifying the structure of the response JSON test" finished-at="2024-08-30T09:46:00 IST" duration-ms="1489" status="PASS">
          <reporter-output>
          </reporter-output>
        </test-method> <!-- getUserAndValidateHeaderApiTest -->
        <test-method signature="getUserApiTest()[pri:1, instance:com.qa.api.tests.GET.GETAPICall@2d710f1a]" started-at="2024-08-30T09:46:00 IST" name="getUserApiTest" description="Verifying the structure of the response JSON test" finished-at="2024-08-30T09:46:00 IST" duration-ms="147" status="PASS">
          <reporter-output>
          </reporter-output>
        </test-method> <!-- getUserApiTest -->
        <test-method is-config="true" signature="tearDown()[pri:0, instance:com.qa.api.tests.GET.GETAPICall@2d710f1a]" started-at="2024-08-30T09:46:02 IST" name="tearDown" finished-at="2024-08-30T09:46:02 IST" duration-ms="21" status="PASS">
          <reporter-output>
          </reporter-output>
        </test-method> <!-- tearDown -->
      </class> <!-- com.qa.api.tests.GET.GETAPICall -->
      <class name="com.qa.api.tests.GET.APIDisposeTest">
        <test-method is-config="true" signature="setup()[pri:0, instance:com.qa.api.tests.GET.APIDisposeTest@29215f06]" started-at="2024-08-30T09:45:35 IST" name="setup" finished-at="2024-08-30T09:45:57 IST" duration-ms="21821" status="PASS">
          <reporter-output>
          </reporter-output>
        </test-method> <!-- setup -->
        <test-method signature="disposeResponseTest()[pri:3, instance:com.qa.api.tests.GET.APIDisposeTest@29215f06]" started-at="2024-08-30T09:46:01 IST" name="disposeResponseTest" description="Verifying the response JSON can be disposed test" finished-at="2024-08-30T09:46:01 IST" duration-ms="409" status="PASS">
          <reporter-output>
          </reporter-output>
        </test-method> <!-- disposeResponseTest -->
        <test-method is-config="true" signature="tearDown()[pri:0, instance:com.qa.api.tests.GET.APIDisposeTest@29215f06]" started-at="2024-08-30T09:46:01 IST" name="tearDown" finished-at="2024-08-30T09:46:01 IST" duration-ms="451" status="PASS">
          <reporter-output>
          </reporter-output>
        </test-method> <!-- tearDown -->
      </class> <!-- com.qa.api.tests.GET.APIDisposeTest -->
    </test> <!-- Test -->
  </suite> <!-- Suite -->
</testng-results>
