<?xml version="1.0" encoding="UTF-8"?>
<testsuite xmlns:xsi="http://www.w3.org/2001/XMLSchema-instance" xsi:noNamespaceSchemaLocation="https://maven.apache.org/surefire/maven-surefire-plugin/xsd/surefire-test-report.xsd" version="3.0.2" name="TestSuite" time="29.01" tests="4" errors="0" skipped="0" failures="0">
  <properties>
[...]
</properties>
  <testcase name="getUserAndValidateHeaderApiTest" classname="com.qa.api.tests.GET.GETAPICall" time="1.502">
    <system-out><![CDATA[I am in onStart method Test
I am in onStart method Test
I am in onTestStart method getUserAndValidateHeaderApiTest start
I am in onTestStart method getUserAndValidateHeaderApiTest start
response status code: 200
OK
----print api response with plain text----
{"page":1,"per_page":6,"total":12,"total_pages":2,"data":[{"id":1,"email":"george.bluth@reqres.in","first_name":"George","last_name":"Bluth","avatar":"https://reqres.in/img/faces/1-image.jpg"},{"id":2,"email":"janet.weaver@reqres.in","first_name":"Janet","last_name":"Weaver","avatar":"https://reqres.in/img/faces/2-image.jpg"},{"id":3,"email":"emma.wong@reqres.in","first_name":"Emma","last_name":"Wong","avatar":"https://reqres.in/img/faces/3-image.jpg"},{"id":4,"email":"eve.holt@reqres.in","first_name":"Eve","last_name":"Holt","avatar":"https://reqres.in/img/faces/4-image.jpg"},{"id":5,"email":"charles.morris@reqres.in","first_name":"Charles","last_name":"Morris","avatar":"https://reqres.in/img/faces/5-image.jpg"},{"id":6,"email":"tracey.ramos@reqres.in","first_name":"Tracey","last_name":"Ramos","avatar":"https://reqres.in/img/faces/6-image.jpg"}],"support":{"url":"https://reqres.in/#support-heading","text":"To keep ReqRes free, contributions towards server costs are appreciated!"}}
----print api json response----
{
  "page" : 1,
  "per_page" : 6,
  "total" : 12,
  "total_pages" : 2,
  "data" : [ {
    "id" : 1,
    "email" : "george.bluth@reqres.in",
    "first_name" : "George",
    "last_name" : "Bluth",
    "avatar" : "https://reqres.in/img/faces/1-image.jpg"
  }, {
    "id" : 2,
    "email" : "janet.weaver@reqres.in",
    "first_name" : "Janet",
    "last_name" : "Weaver",
    "avatar" : "https://reqres.in/img/faces/2-image.jpg"
  }, {
    "id" : 3,
    "email" : "emma.wong@reqres.in",
    "first_name" : "Emma",
    "last_name" : "Wong",
    "avatar" : "https://reqres.in/img/faces/3-image.jpg"
  }, {
    "id" : 4,
    "email" : "eve.holt@reqres.in",
    "first_name" : "Eve",
    "last_name" : "Holt",
    "avatar" : "https://reqres.in/img/faces/4-image.jpg"
  }, {
    "id" : 5,
    "email" : "charles.morris@reqres.in",
    "first_name" : "Charles",
    "last_name" : "Morris",
    "avatar" : "https://reqres.in/img/faces/5-image.jpg"
  }, {
    "id" : 6,
    "email" : "tracey.ramos@reqres.in",
    "first_name" : "Tracey",
    "last_name" : "Ramos",
    "avatar" : "https://reqres.in/img/faces/6-image.jpg"
  } ],
  "support" : {
    "url" : "https://reqres.in/#support-heading",
    "text" : "To keep ReqRes free, contributions towards server costs are appreciated!"
  }
}
----print api url----
https://reqres.in/api/users
====================================Response JSON SCHEMA Validation has started!!!================================================
Response JSON SCHEMA Validation was successfull!!!!
=====================================Response JSON SCHEMA Validation has been completed!!!==========================================
----print response headers----
{date=Fri, 30 Aug 2024 04:15:55 GMT, content-type=application/json; charset=utf-8, transfer-encoding=chunked, connection=close, report-to={"group":"heroku-nel","max_age":3600,"endpoints":[{"url":"https://nel.heroku.com/reports?ts=1724661126&sid=c4c9725f-1ab0-44d8-820f-430df2718e11&s=CIJXLP%2F7FJCzxJF5A%2BFfY4euU7qJ0A3j1Z7VygmvTpY%3D"}]}, reporting-endpoints=heroku-nel=https://nel.heroku.com/reports?ts=1724661126&sid=c4c9725f-1ab0-44d8-820f-430df2718e11&s=CIJXLP%2F7FJCzxJF5A%2BFfY4euU7qJ0A3j1Z7VygmvTpY%3D, nel={"report_to":"heroku-nel","max_age":3600,"success_fraction":0.005,"failure_fraction":0.05,"response_headers":["Via"]}, x-powered-by=Express, access-control-allow-origin=*, etag=W/"3e4-2RLXvr5wTg9YQ6aH95CkYoFNuO8", via=1.1 vegur, cache-control=max-age=14400, cf-cache-status=HIT, age=5732, vary=Accept-Encoding, server=cloudflare, cf-ray=8bb1f662cdf2857e-BOM, content-encoding=br}
I am in onTestSuccess method getUserAndValidateHeaderApiTest succeed
]]></system-out>
    <system-err><![CDATA[SLF4J: Failed to load class "org.slf4j.impl.StaticLoggerBinder".
SLF4J: Defaulting to no-operation (NOP) logger implementation
SLF4J: See http://www.slf4j.org/codes.html#StaticLoggerBinder for further details.
]]></system-err>
  </testcase>
  <testcase name="getUserApiTest" classname="com.qa.api.tests.GET.GETAPICall" time="0.172">
    <system-out><![CDATA[I am in onTestSuccess method getUserAndValidateHeaderApiTest succeed
I am in onTestStart method getUserApiTest start
I am in onTestStart method getUserApiTest start
https://reqres.in/api/users
response status code: 200
OK
----print api response with plain text----
{"page":1,"per_page":6,"total":12,"total_pages":2,"data":[{"id":1,"email":"george.bluth@reqres.in","first_name":"George","last_name":"Bluth","avatar":"https://reqres.in/img/faces/1-image.jpg"},{"id":2,"email":"janet.weaver@reqres.in","first_name":"Janet","last_name":"Weaver","avatar":"https://reqres.in/img/faces/2-image.jpg"},{"id":3,"email":"emma.wong@reqres.in","first_name":"Emma","last_name":"Wong","avatar":"https://reqres.in/img/faces/3-image.jpg"},{"id":4,"email":"eve.holt@reqres.in","first_name":"Eve","last_name":"Holt","avatar":"https://reqres.in/img/faces/4-image.jpg"},{"id":5,"email":"charles.morris@reqres.in","first_name":"Charles","last_name":"Morris","avatar":"https://reqres.in/img/faces/5-image.jpg"},{"id":6,"email":"tracey.ramos@reqres.in","first_name":"Tracey","last_name":"Ramos","avatar":"https://reqres.in/img/faces/6-image.jpg"}],"support":{"url":"https://reqres.in/#support-heading","text":"To keep ReqRes free, contributions towards server costs are appreciated!"}}
----print api json response----
{
  "page" : 1,
  "per_page" : 6,
  "total" : 12,
  "total_pages" : 2,
  "data" : [ {
    "id" : 1,
    "email" : "george.bluth@reqres.in",
    "first_name" : "George",
    "last_name" : "Bluth",
    "avatar" : "https://reqres.in/img/faces/1-image.jpg"
  }, {
    "id" : 2,
    "email" : "janet.weaver@reqres.in",
    "first_name" : "Janet",
    "last_name" : "Weaver",
    "avatar" : "https://reqres.in/img/faces/2-image.jpg"
  }, {
    "id" : 3,
    "email" : "emma.wong@reqres.in",
    "first_name" : "Emma",
    "last_name" : "Wong",
    "avatar" : "https://reqres.in/img/faces/3-image.jpg"
  }, {
    "id" : 4,
    "email" : "eve.holt@reqres.in",
    "first_name" : "Eve",
    "last_name" : "Holt",
    "avatar" : "https://reqres.in/img/faces/4-image.jpg"
  }, {
    "id" : 5,
    "email" : "charles.morris@reqres.in",
    "first_name" : "Charles",
    "last_name" : "Morris",
    "avatar" : "https://reqres.in/img/faces/5-image.jpg"
  }, {
    "id" : 6,
    "email" : "tracey.ramos@reqres.in",
    "first_name" : "Tracey",
    "last_name" : "Ramos",
    "avatar" : "https://reqres.in/img/faces/6-image.jpg"
  } ],
  "support" : {
    "url" : "https://reqres.in/#support-heading",
    "text" : "To keep ReqRes free, contributions towards server costs are appreciated!"
  }
}
====================================Response JSON SCHEMA Validation has started!!!================================================
Response JSON SCHEMA Validation was successfull!!!!
=====================================Response JSON SCHEMA Validation has been completed!!!==========================================
I am in onTestSuccess method getUserApiTest succeed
]]></system-out>
  </testcase>
  <testcase name="getHeadersTest" classname="com.qa.api.tests.GET.APIResponseHeadersTest" time="0.287">
    <system-out><![CDATA[I am in onTestSuccess method getUserApiTest succeed
I am in onTestStart method getHeadersTest start
I am in onTestStart method getHeadersTest start
https://reqres.in/api/users
response status code: 200
date:Fri, 30 Aug 2024 04:15:56 GMT
content-type:application/json; charset=utf-8
transfer-encoding:chunked
connection:close
report-to:{"group":"heroku-nel","max_age":3600,"endpoints":[{"url":"https://nel.heroku.com/reports?ts=1724661126&sid=c4c9725f-1ab0-44d8-820f-430df2718e11&s=CIJXLP%2F7FJCzxJF5A%2BFfY4euU7qJ0A3j1Z7VygmvTpY%3D"}]}
reporting-endpoints:heroku-nel=https://nel.heroku.com/reports?ts=1724661126&sid=c4c9725f-1ab0-44d8-820f-430df2718e11&s=CIJXLP%2F7FJCzxJF5A%2BFfY4euU7qJ0A3j1Z7VygmvTpY%3D
nel:{"report_to":"heroku-nel","max_age":3600,"success_fraction":0.005,"failure_fraction":0.05,"response_headers":["Via"]}
x-powered-by:Express
access-control-allow-origin:*
etag:W/"3e4-2RLXvr5wTg9YQ6aH95CkYoFNuO8"
via:1.1 vegur
cache-control:max-age=14400
cf-cache-status:HIT
age:5733
vary:Accept-Encoding
server:cloudflare
cf-ray:8bb1f6687d9c85b7-BOM
content-encoding:br
total response headers: 18
===============================
Date : Fri, 30 Aug 2024 04:15:56 GMT
Content-Type : application/json; charset=utf-8
Transfer-Encoding : chunked
Connection : close
Report-To : {"group":"heroku-nel","max_age":3600,"endpoints":[{"url":"https://nel.heroku.com/reports?ts=1724661126&sid=c4c9725f-1ab0-44d8-820f-430df2718e11&s=CIJXLP%2F7FJCzxJF5A%2BFfY4euU7qJ0A3j1Z7VygmvTpY%3D"}]}
Reporting-Endpoints : heroku-nel=https://nel.heroku.com/reports?ts=1724661126&sid=c4c9725f-1ab0-44d8-820f-430df2718e11&s=CIJXLP%2F7FJCzxJF5A%2BFfY4euU7qJ0A3j1Z7VygmvTpY%3D
Nel : {"report_to":"heroku-nel","max_age":3600,"success_fraction":0.005,"failure_fraction":0.05,"response_headers":["Via"]}
X-Powered-By : Express
Access-Control-Allow-Origin : *
Etag : W/"3e4-2RLXvr5wTg9YQ6aH95CkYoFNuO8"
Via : 1.1 vegur
Cache-Control : max-age=14400
CF-Cache-Status : HIT
Age : 5733
Vary : Accept-Encoding
Server : cloudflare
CF-RAY : 8bb1f6687d9c85b7-BOM
Content-Encoding : br
I am in onTestSuccess method getHeadersTest succeed
]]></system-out>
  </testcase>
  <testcase name="disposeResponseTest" classname="com.qa.api.tests.GET.APIDisposeTest" time="0.361">
    <system-out><![CDATA[I am in onTestSuccess method getHeadersTest succeed
I am in onTestStart method disposeResponseTest start
I am in onTestStart method disposeResponseTest start
https://reqres.in/api/users
response status code: 200
OK
----print api response with plain text----
{"page":1,"per_page":6,"total":12,"total_pages":2,"data":[{"id":1,"email":"george.bluth@reqres.in","first_name":"George","last_name":"Bluth","avatar":"https://reqres.in/img/faces/1-image.jpg"},{"id":2,"email":"janet.weaver@reqres.in","first_name":"Janet","last_name":"Weaver","avatar":"https://reqres.in/img/faces/2-image.jpg"},{"id":3,"email":"emma.wong@reqres.in","first_name":"Emma","last_name":"Wong","avatar":"https://reqres.in/img/faces/3-image.jpg"},{"id":4,"email":"eve.holt@reqres.in","first_name":"Eve","last_name":"Holt","avatar":"https://reqres.in/img/faces/4-image.jpg"},{"id":5,"email":"charles.morris@reqres.in","first_name":"Charles","last_name":"Morris","avatar":"https://reqres.in/img/faces/5-image.jpg"},{"id":6,"email":"tracey.ramos@reqres.in","first_name":"Tracey","last_name":"Ramos","avatar":"https://reqres.in/img/faces/6-image.jpg"}],"support":{"url":"https://reqres.in/#support-heading","text":"To keep ReqRes free, contributions towards server costs are appreciated!"}}
----print api response after dispose with plain text----
api response body is disposed
response status code after dispose: 200
OK
response url:https://reqres.in/api/users
get response body for 2nd request:
status code:200
repose body:{"page":1,"per_page":6,"total":12,"total_pages":2,"data":[{"id":1,"email":"george.bluth@reqres.in","first_name":"George","last_name":"Bluth","avatar":"https://reqres.in/img/faces/1-image.jpg"},{"id":2,"email":"janet.weaver@reqres.in","first_name":"Janet","last_name":"Weaver","avatar":"https://reqres.in/img/faces/2-image.jpg"},{"id":3,"email":"emma.wong@reqres.in","first_name":"Emma","last_name":"Wong","avatar":"https://reqres.in/img/faces/3-image.jpg"},{"id":4,"email":"eve.holt@reqres.in","first_name":"Eve","last_name":"Holt","avatar":"https://reqres.in/img/faces/4-image.jpg"},{"id":5,"email":"charles.morris@reqres.in","first_name":"Charles","last_name":"Morris","avatar":"https://reqres.in/img/faces/5-image.jpg"},{"id":6,"email":"tracey.ramos@reqres.in","first_name":"Tracey","last_name":"Ramos","avatar":"https://reqres.in/img/faces/6-image.jpg"}],"support":{"url":"https://reqres.in/#support-heading","text":"To keep ReqRes free, contributions towards server costs are appreciated!"}}
I am in onTestSuccess method disposeResponseTest succeed
]]></system-out>
  </testcase>
</testsuite>