<?xml version="1.0" encoding="UTF-8"?>
<!-- Generated by org.testng.reporters.JUnitXMLReporter -->
<testsuite ignored="0" hostname="DESKTOP-0UQGQ37" failures="0" tests="4" name="Test" time="12.021" errors="0" timestamp="2024-08-21T09:39:27 IST">
  <testcase classname="com.qa.api.tests.GET.GETAPICall" name="getUserAndValidateHeaderApiTest" time="0.764"/>
  <testcase classname="com.qa.api.tests.GET.GETAPICall" name="getUserApiTest" time="0.148"/>
  <testcase classname="com.qa.api.tests.GET.APIResponseHeadersTest" name="getHeadersTest" time="0.199"/>
  <testcase classname="com.qa.api.tests.GET.APIDisposeTest" name="disposeResponseTest" time="0.254"/>
</testsuite> <!-- Test -->
