<?xml version="1.0" encoding="UTF-8"?>
<testng-results ignored="0" total="4" passed="4" failed="0" skipped="0">
  <reporter-output>
  </reporter-output>
  <suite started-at="2024-08-21T09:39:15 IST" name="Suite" finished-at="2024-08-21T09:39:27 IST" duration-ms="12021">
    <groups>
    </groups>
    <test started-at="2024-08-21T09:39:15 IST" name="Test" finished-at="2024-08-21T09:39:27 IST" duration-ms="12021">
      <class name="com.qa.api.tests.GET.APIResponseHeadersTest">
        <test-method is-config="true" signature="setup()[pri:0, instance:com.qa.api.tests.GET.APIResponseHeadersTest@7161d8d1]" started-at="2024-08-21T09:39:24 IST" name="setup" finished-at="2024-08-21T09:39:25 IST" duration-ms="517" status="PASS">
          <reporter-output>
          </reporter-output>
        </test-method> <!-- setup -->
        <test-method signature="getHeadersTest()[pri:2, instance:com.qa.api.tests.GET.APIResponseHeadersTest@7161d8d1]" started-at="2024-08-21T09:39:26 IST" name="getHeadersTest" description="Verifying the headers of the response JSON test" finished-at="2024-08-21T09:39:27 IST" duration-ms="199" status="PASS">
          <reporter-output>
          </reporter-output>
        </test-method> <!-- getHeadersTest -->
        <test-method is-config="true" signature="tearDown()[pri:0, instance:com.qa.api.tests.GET.APIResponseHeadersTest@7161d8d1]" started-at="2024-08-21T09:39:27 IST" name="tearDown" finished-at="2024-08-21T09:39:27 IST" duration-ms="23" status="PASS">
          <reporter-output>
          </reporter-output>
        </test-method> <!-- tearDown -->
      </class> <!-- com.qa.api.tests.GET.APIResponseHeadersTest -->
      <class name="com.qa.api.tests.GET.GETAPICall">
        <test-method is-config="true" signature="setup()[pri:0, instance:com.qa.api.tests.GET.GETAPICall@75d3a5e0]" started-at="2024-08-21T09:39:25 IST" name="setup" finished-at="2024-08-21T09:39:25 IST" duration-ms="511" status="PASS">
          <reporter-output>
          </reporter-output>
        </test-method> <!-- setup -->
        <test-method signature="getUserAndValidateHeaderApiTest()[pri:1, instance:com.qa.api.tests.GET.GETAPICall@75d3a5e0]" started-at="2024-08-21T09:39:25 IST" name="getUserAndValidateHeaderApiTest" description="Verifying the structure of the response JSON test" finished-at="2024-08-21T09:39:26 IST" duration-ms="764" status="PASS">
          <reporter-output>
          </reporter-output>
        </test-method> <!-- getUserAndValidateHeaderApiTest -->
        <test-method signature="getUserApiTest()[pri:1, instance:com.qa.api.tests.GET.GETAPICall@75d3a5e0]" started-at="2024-08-21T09:39:26 IST" name="getUserApiTest" description="Verifying the structure of the response JSON test" finished-at="2024-08-21T09:39:26 IST" duration-ms="148" status="PASS">
          <reporter-output>
          </reporter-output>
        </test-method> <!-- getUserApiTest -->
        <test-method is-config="true" signature="tearDown()[pri:0, instance:com.qa.api.tests.GET.GETAPICall@75d3a5e0]" started-at="2024-08-21T09:39:27 IST" name="tearDown" finished-at="2024-08-21T09:39:27 IST" duration-ms="23" status="PASS">
          <reporter-output>
          </reporter-output>
        </test-method> <!-- tearDown -->
      </class> <!-- com.qa.api.tests.GET.GETAPICall -->
      <class name="com.qa.api.tests.GET.APIDisposeTest">
        <test-method is-config="true" signature="setup()[pri:0, instance:com.qa.api.tests.GET.APIDisposeTest@74d1dc36]" started-at="2024-08-21T09:39:15 IST" name="setup" finished-at="2024-08-21T09:39:24 IST" duration-ms="9242" status="PASS">
          <reporter-output>
          </reporter-output>
        </test-method> <!-- setup -->
        <test-method signature="disposeResponseTest()[pri:3, instance:com.qa.api.tests.GET.APIDisposeTest@74d1dc36]" started-at="2024-08-21T09:39:27 IST" name="disposeResponseTest" description="Verifying the response JSON can be disposed test" finished-at="2024-08-21T09:39:27 IST" duration-ms="254" status="PASS">
          <reporter-output>
          </reporter-output>
        </test-method> <!-- disposeResponseTest -->
        <test-method is-config="true" signature="tearDown()[pri:0, instance:com.qa.api.tests.GET.APIDisposeTest@74d1dc36]" started-at="2024-08-21T09:39:27 IST" name="tearDown" finished-at="2024-08-21T09:39:27 IST" duration-ms="23" status="PASS">
          <reporter-output>
          </reporter-output>
        </test-method> <!-- tearDown -->
      </class> <!-- com.qa.api.tests.GET.APIDisposeTest -->
    </test> <!-- Test -->
  </suite> <!-- Suite -->
</testng-results>
