<?xml version="1.0" encoding="UTF-8"?>
<!-- Generated by org.testng.reporters.JUnitXMLReporter -->
<testsuite ignored="0" hostname="DESKTOP-0UQGQ37" failures="0" tests="4" name="Test" time="26.782" errors="0" timestamp="2024-08-30T09:46:02 IST">
  <testcase classname="com.qa.api.tests.GET.GETAPICall" name="getUserAndValidateHeaderApiTest" time="1.489"/>
  <testcase classname="com.qa.api.tests.GET.GETAPICall" name="getUserApiTest" time="0.147"/>
  <testcase classname="com.qa.api.tests.GET.APIResponseHeadersTest" name="getHeadersTest" time="0.26"/>
  <testcase classname="com.qa.api.tests.GET.APIDisposeTest" name="disposeResponseTest" time="0.409"/>
</testsuite> <!-- Test -->
